2020-08-24 18:05:48,857  INFO [main] nopcommerce:67 - ********* Launching browser***************
2020-08-24 18:05:48,871  INFO [main] nopcommerce:73 - ********* Opening URL***************
2020-08-24 18:05:52,963  INFO [main] nopcommerce:81 - ********* Proving user info ***************
2020-08-24 18:06:03,574  INFO [main] nopcommerce:128 - ********* Adding Customer Scenario started  ***************
2020-08-24 18:06:03,575  INFO [main] nopcommerce:130 - ********* Dashboard Display validation ***************
2020-08-24 18:06:10,761  INFO [main] nopcommerce:162 - ********* Providing Customer details ***************
2020-08-24 18:06:13,824  INFO [main] nopcommerce:67 - ********* Launching browser***************
2020-08-24 18:06:13,829  INFO [main] nopcommerce:73 - ********* Opening URL***************
2020-08-24 18:06:17,822  INFO [main] nopcommerce:81 - ********* Proving user info ***************
2020-08-24 18:06:28,231  INFO [main] nopcommerce:128 - ********* Adding Customer Scenario started  ***************
2020-08-24 18:06:28,231  INFO [main] nopcommerce:130 - ********* Dashboard Display validation ***************
2020-08-24 18:06:34,461  INFO [main] nopcommerce:197 - ********* Search Customer by Email ID Scenario started ***************
2020-08-24 18:06:37,706  INFO [main] nopcommerce:211 - ********* Search customer by email validation ***************
2020-08-24 18:06:37,853  INFO [main] nopcommerce:118 - *********Closing application ***************
2020-08-24 18:06:41,498  INFO [main] nopcommerce:67 - ********* Launching browser***************
2020-08-24 18:06:41,499  INFO [main] nopcommerce:73 - ********* Opening URL***************
2020-08-24 18:06:44,823  INFO [main] nopcommerce:81 - ********* Proving user info ***************
2020-08-24 18:06:52,404  INFO [main] nopcommerce:128 - ********* Adding Customer Scenario started  ***************
2020-08-24 18:06:52,405  INFO [main] nopcommerce:130 - ********* Dashboard Display validation ***************
2020-08-24 18:06:58,586  INFO [main] nopcommerce:219 - ********* Seqarch custoemr by Name Scenario started ***************
2020-08-24 18:06:58,660  INFO [main] nopcommerce:226 - ********* Providing customer name ***************
2020-08-24 18:07:01,772  INFO [main] nopcommerce:233 - ********* Search customer by name validation ***************
2020-08-24 18:07:01,821  INFO [main] nopcommerce:118 - *********Closing application ***************
2020-08-24 18:07:05,419  INFO [main] nopcommerce:67 - ********* Launching browser***************
2020-08-24 18:07:05,421  INFO [main] nopcommerce:73 - ********* Opening URL***************
2020-08-24 18:07:09,619  INFO [main] nopcommerce:81 - ********* Proving user info ***************
2020-08-24 18:07:19,433  INFO [main] nopcommerce:95 - *********Login Validation starts ***************
2020-08-24 18:07:19,458  INFO [main] nopcommerce:104 - *********Login successfull ***************
2020-08-24 18:07:24,464  INFO [main] nopcommerce:112 - *********Logout from application***************
2020-08-24 18:07:25,837  INFO [main] nopcommerce:95 - *********Login Validation starts ***************
2020-08-24 18:07:25,844  INFO [main] nopcommerce:104 - *********Login successfull ***************
2020-08-24 18:07:30,848  INFO [main] nopcommerce:118 - *********Closing application ***************
2020-08-24 18:07:34,433  INFO [main] nopcommerce:67 - ********* Launching browser***************
2020-08-24 18:07:34,434  INFO [main] nopcommerce:73 - ********* Opening URL***************
2020-08-24 18:07:38,435  INFO [main] nopcommerce:81 - ********* Proving user info ***************
2020-08-24 18:07:48,015  INFO [main] nopcommerce:95 - *********Login Validation starts ***************
2020-08-24 18:07:48,036  INFO [main] nopcommerce:104 - *********Login successfull ***************
2020-08-24 18:07:53,043  INFO [main] nopcommerce:112 - *********Logout from application***************
2020-08-24 18:07:54,386  INFO [main] nopcommerce:95 - *********Login Validation starts ***************
2020-08-24 18:07:54,392  INFO [main] nopcommerce:104 - *********Login successfull ***************
2020-08-24 18:07:59,398  INFO [main] nopcommerce:118 - *********Closing application ***************
2020-08-24 18:08:03,005  INFO [main] nopcommerce:67 - ********* Launching browser***************
2020-08-24 18:08:03,006  INFO [main] nopcommerce:73 - ********* Opening URL***************
2020-08-24 18:08:07,061  INFO [main] nopcommerce:81 - ********* Proving user info ***************
2020-08-24 18:08:13,388  INFO [main] nopcommerce:95 - *********Login Validation starts ***************
2020-08-24 18:08:13,400  INFO [main] nopcommerce:98 - *********Login Failed ***************
2020-08-24 18:31:48,656  INFO [main] nopcommerce:67 - ********* Launching browser***************
2020-08-24 18:31:48,668  INFO [main] nopcommerce:73 - ********* Opening URL***************
2020-08-24 18:31:52,736  INFO [main] nopcommerce:81 - ********* Proving user info ***************
2020-08-24 18:32:01,838  INFO [main] nopcommerce:128 - ********* Adding Customer Scenario started  ***************
2020-08-24 18:32:01,839  INFO [main] nopcommerce:130 - ********* Dashboard Display validation ***************
2020-08-24 18:32:09,223  INFO [main] nopcommerce:162 - ********* Providing Customer details ***************
2020-08-24 18:32:17,181  INFO [main] nopcommerce:188 - ********* Add customer validation ***************
2020-08-24 18:32:17,334  INFO [main] nopcommerce:118 - *********Closing application ***************
2020-08-24 18:32:20,940  INFO [main] nopcommerce:67 - ********* Launching browser***************
2020-08-24 18:32:20,941  INFO [main] nopcommerce:73 - ********* Opening URL***************
2020-08-24 18:32:24,998  INFO [main] nopcommerce:81 - ********* Proving user info ***************
2020-08-24 18:32:35,365  INFO [main] nopcommerce:95 - *********Login Validation starts ***************
2020-08-24 18:32:35,392  INFO [main] nopcommerce:104 - *********Login successfull ***************
2020-08-24 18:32:40,399  INFO [main] nopcommerce:112 - *********Logout from application***************
2020-08-24 18:32:41,813  INFO [main] nopcommerce:95 - *********Login Validation starts ***************
2020-08-24 18:32:41,822  INFO [main] nopcommerce:104 - *********Login successfull ***************
2020-08-24 18:32:46,828  INFO [main] nopcommerce:118 - *********Closing application ***************
2020-08-24 19:46:47,898  INFO [main] nopcommerce:67 - ********* Launching browser***************
2020-08-24 19:46:47,911  INFO [main] nopcommerce:73 - ********* Opening URL***************
2020-08-24 19:46:51,994  INFO [main] nopcommerce:81 - ********* Proving user info ***************
2020-08-24 19:47:01,831  INFO [main] nopcommerce:128 - ********* Adding Customer Scenario started  ***************
2020-08-24 19:47:01,832  INFO [main] nopcommerce:130 - ********* Dashboard Display validation ***************
2020-08-24 19:47:09,160  INFO [main] nopcommerce:162 - ********* Providing Customer details ***************
2020-08-24 19:47:17,643  INFO [main] nopcommerce:188 - ********* Add customer validation ***************
2020-08-24 19:47:17,785  INFO [main] nopcommerce:118 - *********Closing application ***************
2020-08-24 19:47:21,408  INFO [main] nopcommerce:67 - ********* Launching browser***************
2020-08-24 19:47:21,410  INFO [main] nopcommerce:73 - ********* Opening URL***************
2020-08-24 19:47:25,493  INFO [main] nopcommerce:81 - ********* Proving user info ***************
2020-08-24 19:47:35,304  INFO [main] nopcommerce:95 - *********Login Validation starts ***************
2020-08-24 19:47:35,329  INFO [main] nopcommerce:104 - *********Login successfull ***************
2020-08-24 19:47:40,335  INFO [main] nopcommerce:112 - *********Logout from application***************
2020-08-24 19:47:42,013  INFO [main] nopcommerce:95 - *********Login Validation starts ***************
2020-08-24 19:47:42,024  INFO [main] nopcommerce:104 - *********Login successfull ***************
2020-08-24 19:47:47,029  INFO [main] nopcommerce:118 - *********Closing application ***************
2020-08-24 19:57:48,258  INFO [main] nopcommerce:67 - ********* Launching browser***************
2020-08-24 19:57:48,272  INFO [main] nopcommerce:73 - ********* Opening URL***************
2020-08-24 19:57:52,393  INFO [main] nopcommerce:81 - ********* Proving user info ***************
2020-08-24 19:58:02,117  INFO [main] nopcommerce:128 - ********* Adding Customer Scenario started  ***************
2020-08-24 19:58:02,119  INFO [main] nopcommerce:130 - ********* Dashboard Display validation ***************
2020-08-24 19:58:09,897  INFO [main] nopcommerce:162 - ********* Providing Customer details ***************
2020-08-24 19:58:19,388  INFO [main] nopcommerce:188 - ********* Add customer validation ***************
2020-08-24 19:58:19,519  INFO [main] nopcommerce:118 - *********Closing application ***************
2020-08-24 19:58:23,143  INFO [main] nopcommerce:67 - ********* Launching browser***************
2020-08-24 19:58:23,146  INFO [main] nopcommerce:73 - ********* Opening URL***************
2020-08-24 19:58:27,187  INFO [main] nopcommerce:81 - ********* Proving user info ***************
2020-08-24 19:58:38,051  INFO [main] nopcommerce:95 - *********Login Validation starts ***************
2020-08-24 19:58:38,076  INFO [main] nopcommerce:104 - *********Login successfull ***************
2020-08-24 19:58:43,083  INFO [main] nopcommerce:112 - *********Logout from application***************
2020-08-24 19:58:44,489  INFO [main] nopcommerce:95 - *********Login Validation starts ***************
2020-08-24 19:58:44,497  INFO [main] nopcommerce:104 - *********Login successfull ***************
2020-08-24 19:58:49,503  INFO [main] nopcommerce:118 - *********Closing application ***************
2020-08-24 20:04:10,625  INFO [main] nopcommerce:67 - ********* Launching browser***************
2020-08-24 20:04:10,637  INFO [main] nopcommerce:73 - ********* Opening URL***************
2020-08-24 20:04:14,671  INFO [main] nopcommerce:81 - ********* Proving user info ***************
2020-08-24 20:04:24,562  INFO [main] nopcommerce:128 - ********* Adding Customer Scenario started  ***************
2020-08-24 20:04:24,564  INFO [main] nopcommerce:130 - ********* Dashboard Display validation ***************
2020-08-24 20:04:31,669  INFO [main] nopcommerce:162 - ********* Providing Customer details ***************
2020-08-24 20:04:39,880  INFO [main] nopcommerce:188 - ********* Add customer validation ***************
2020-08-24 20:04:40,018  INFO [main] nopcommerce:118 - *********Closing application ***************
2020-08-24 20:04:43,625  INFO [main] nopcommerce:67 - ********* Launching browser***************
2020-08-24 20:04:43,625  INFO [main] nopcommerce:73 - ********* Opening URL***************
2020-08-24 20:04:47,608  INFO [main] nopcommerce:81 - ********* Proving user info ***************
2020-08-24 20:04:57,347  INFO [main] nopcommerce:95 - *********Login Validation starts ***************
2020-08-24 20:04:57,374  INFO [main] nopcommerce:104 - *********Login successfull ***************
2020-08-24 20:05:02,380  INFO [main] nopcommerce:112 - *********Logout from application***************
2020-08-24 20:05:03,815  INFO [main] nopcommerce:95 - *********Login Validation starts ***************
2020-08-24 20:05:03,822  INFO [main] nopcommerce:104 - *********Login successfull ***************
2020-08-24 20:05:08,826  INFO [main] nopcommerce:118 - *********Closing application ***************
2020-08-24 20:05:12,417  INFO [main] nopcommerce:67 - ********* Launching browser***************
2020-08-24 20:05:12,418  INFO [main] nopcommerce:73 - ********* Opening URL***************
2020-08-24 20:05:16,410  INFO [main] nopcommerce:81 - ********* Proving user info ***************
2020-08-24 20:05:26,008  INFO [main] nopcommerce:128 - ********* Adding Customer Scenario started  ***************
2020-08-24 20:05:26,008  INFO [main] nopcommerce:130 - ********* Dashboard Display validation ***************
2020-08-24 20:05:34,644  INFO [main] nopcommerce:162 - ********* Providing Customer details ***************
2020-08-24 20:05:42,641  INFO [main] nopcommerce:188 - ********* Add customer validation ***************
2020-08-24 20:05:42,768  INFO [main] nopcommerce:118 - *********Closing application ***************
2020-08-24 20:05:46,353  INFO [main] nopcommerce:67 - ********* Launching browser***************
2020-08-24 20:05:46,355  INFO [main] nopcommerce:73 - ********* Opening URL***************
2020-08-24 20:05:50,332  INFO [main] nopcommerce:81 - ********* Proving user info ***************
2020-08-24 20:06:00,048  INFO [main] nopcommerce:95 - *********Login Validation starts ***************
2020-08-24 20:06:00,076  INFO [main] nopcommerce:104 - *********Login successfull ***************
2020-08-24 20:06:05,083  INFO [main] nopcommerce:112 - *********Logout from application***************
2020-08-24 20:06:06,470  INFO [main] nopcommerce:95 - *********Login Validation starts ***************
2020-08-24 20:06:06,479  INFO [main] nopcommerce:104 - *********Login successfull ***************
2020-08-24 20:06:11,485  INFO [main] nopcommerce:118 - *********Closing application ***************
2020-08-30 14:30:21,277  INFO [main] nopcommerce:67 - ********* Launching browser***************
2020-08-30 14:30:21,387  INFO [main] nopcommerce:73 - ********* Opening URL***************
2020-08-30 14:30:25,550  INFO [main] nopcommerce:81 - ********* Proving user info ***************
2020-08-30 14:30:35,467  INFO [main] nopcommerce:128 - ********* Adding Customer Scenario started  ***************
2020-08-30 14:30:35,490  INFO [main] nopcommerce:130 - ********* Dashboard Display validation ***************
2020-08-30 14:30:43,749  INFO [main] nopcommerce:162 - ********* Providing Customer details ***************
2020-08-30 14:30:53,071  INFO [main] nopcommerce:188 - ********* Add customer validation ***************
2020-08-30 14:30:53,255  INFO [main] nopcommerce:118 - *********Closing application ***************
2020-08-30 14:30:56,933  INFO [main] nopcommerce:67 - ********* Launching browser***************
2020-08-30 14:30:56,934  INFO [main] nopcommerce:73 - ********* Opening URL***************
2020-08-30 14:31:00,846  INFO [main] nopcommerce:81 - ********* Proving user info ***************
2020-08-30 14:31:10,935  INFO [main] nopcommerce:95 - *********Login Validation starts ***************
2020-08-30 14:31:10,983  INFO [main] nopcommerce:104 - *********Login successfull ***************
2020-08-30 14:31:15,995  INFO [main] nopcommerce:112 - *********Logout from application***************
2020-08-30 14:31:18,784  INFO [main] nopcommerce:95 - *********Login Validation starts ***************
2020-08-30 14:31:18,788  INFO [main] nopcommerce:104 - *********Login successfull ***************
2020-08-30 14:31:23,793  INFO [main] nopcommerce:118 - *********Closing application ***************
2020-08-30 14:32:54,576  INFO [main] nopcommerce:67 - ********* Launching browser***************
2020-08-30 14:32:54,589  INFO [main] nopcommerce:73 - ********* Opening URL***************
2020-08-30 14:32:58,474  INFO [main] nopcommerce:81 - ********* Proving user info ***************
2020-08-30 14:33:08,797  INFO [main] nopcommerce:128 - ********* Adding Customer Scenario started  ***************
2020-08-30 14:33:08,799  INFO [main] nopcommerce:130 - ********* Dashboard Display validation ***************
2020-08-30 14:33:15,670  INFO [main] nopcommerce:162 - ********* Providing Customer details ***************
2020-08-30 14:33:23,423  INFO [main] nopcommerce:188 - ********* Add customer validation ***************
2020-08-30 14:33:23,526  INFO [main] nopcommerce:118 - *********Closing application ***************
2020-08-30 14:33:27,142  INFO [main] nopcommerce:67 - ********* Launching browser***************
2020-08-30 14:33:27,143  INFO [main] nopcommerce:73 - ********* Opening URL***************
2020-08-30 14:33:31,019  INFO [main] nopcommerce:81 - ********* Proving user info ***************
2020-08-30 14:33:39,748  INFO [main] nopcommerce:95 - *********Login Validation starts ***************
2020-08-30 14:33:39,791  INFO [main] nopcommerce:104 - *********Login successfull ***************
2020-08-30 14:33:44,796  INFO [main] nopcommerce:112 - *********Logout from application***************
2020-08-30 14:33:46,818  INFO [main] nopcommerce:95 - *********Login Validation starts ***************
2020-08-30 14:33:46,823  INFO [main] nopcommerce:104 - *********Login successfull ***************
2020-08-30 14:33:51,826  INFO [main] nopcommerce:118 - *********Closing application ***************
